[2025-04-25 14:18:34] production.ERROR: No application encryption key has been specified. {"exception":"[object] (Illuminate\\Encryption\\MissingAppKeyException(code: 0): No application encryption key has been specified. at /home/alunoifpe/paulo/atividade_01-5/laravel-crud-01-wsl1/vendor/laravel/framework/src/Illuminate/Encryption/EncryptionServiceProvider.php:83)
[stacktrace]
#0 /home/alunoifpe/paulo/atividade_01-5/laravel-crud-01-wsl1/vendor/laravel/framework/src/Illuminate/Support/helpers.php(399): Illuminate\\Encryption\\EncryptionServiceProvider->{closure:Illuminate\\Encryption\\EncryptionServiceProvider::key():81}(NULL)
#1 /home/alunoifpe/paulo/atividade_01-5/laravel-crud-01-wsl1/vendor/laravel/framework/src/Illuminate/Encryption/EncryptionServiceProvider.php(81): tap(NULL, Object(Closure))
#2 /home/alunoifpe/paulo/atividade_01-5/laravel-crud-01-wsl1/vendor/laravel/framework/src/Illuminate/Encryption/EncryptionServiceProvider.php(64): Illuminate\\Encryption\\EncryptionServiceProvider->key(Array)
#3 /home/alunoifpe/paulo/atividade_01-5/laravel-crud-01-wsl1/vendor/laravel/framework/src/Illuminate/Encryption/EncryptionServiceProvider.php(32): Illuminate\\Encryption\\EncryptionServiceProvider->parseKey(Array)
#4 /home/alunoifpe/paulo/atividade_01-5/laravel-crud-01-wsl1/vendor/laravel/framework/src/Illuminate/Container/Container.php(952): Illuminate\\Encryption\\EncryptionServiceProvider->{closure:Illuminate\\Encryption\\EncryptionServiceProvider::registerEncrypter():29}(Object(Illuminate\\Foundation\\Application), Array)
#5 /home/alunoifpe/paulo/atividade_01-5/laravel-crud-01-wsl1/vendor/laravel/framework/src/Illuminate/Container/Container.php(832): Illuminate\\Container\\Container->build(Object(Closure))
#6 /home/alunoifpe/paulo/atividade_01-5/laravel-crud-01-wsl1/vendor/laravel/framework/src/Illuminate/Foundation/Application.php(1078): Illuminate\\Container\\Container->resolve('encrypter', Array, true)
#7 /home/alunoifpe/paulo/atividade_01-5/laravel-crud-01-wsl1/vendor/laravel/framework/src/Illuminate/Container/Container.php(763): Illuminate\\Foundation\\Application->resolve('encrypter', Array)
#8 /home/alunoifpe/paulo/atividade_01-5/laravel-crud-01-wsl1/vendor/laravel/framework/src/Illuminate/Foundation/Application.php(1058): Illuminate\\Container\\Container->make('encrypter', Array)
#9 /home/alunoifpe/paulo/atividade_01-5/laravel-crud-01-wsl1/vendor/laravel/framework/src/Illuminate/Container/Container.php(1133): Illuminate\\Foundation\\Application->make('encrypter')
#10 /home/alunoifpe/paulo/atividade_01-5/laravel-crud-01-wsl1/vendor/laravel/framework/src/Illuminate/Container/Container.php(1043): Illuminate\\Container\\Container->resolveClass(Object(ReflectionParameter))
#11 /home/alunoifpe/paulo/atividade_01-5/laravel-crud-01-wsl1/vendor/laravel/framework/src/Illuminate/Container/Container.php(994): Illuminate\\Container\\Container->resolveDependencies(Array)
#12 /home/alunoifpe/paulo/atividade_01-5/laravel-crud-01-wsl1/vendor/laravel/framework/src/Illuminate/Container/Container.php(832): Illuminate\\Container\\Container->build('Illuminate\\\\Cook...')
#13 /home/alunoifpe/paulo/atividade_01-5/laravel-crud-01-wsl1/vendor/laravel/framework/src/Illuminate/Foundation/Application.php(1078): Illuminate\\Container\\Container->resolve('Illuminate\\\\Cook...', Array, true)
#14 /home/alunoifpe/paulo/atividade_01-5/laravel-crud-01-wsl1/vendor/laravel/framework/src/Illuminate/Container/Container.php(763): Illuminate\\Foundation\\Application->resolve('Illuminate\\\\Cook...', Array)
#15 /home/alunoifpe/paulo/atividade_01-5/laravel-crud-01-wsl1/vendor/laravel/framework/src/Illuminate/Foundation/Application.php(1058): Illuminate\\Container\\Container->make('Illuminate\\\\Cook...', Array)
#16 /home/alunoifpe/paulo/atividade_01-5/laravel-crud-01-wsl1/vendor/laravel/framework/src/Illuminate/Pipeline/Pipeline.php(198): Illuminate\\Foundation\\Application->make('Illuminate\\\\Cook...')
#17 /home/alunoifpe/paulo/atividade_01-5/laravel-crud-01-wsl1/vendor/laravel/framework/src/Illuminate/Pipeline/Pipeline.php(127): Illuminate\\Pipeline\\Pipeline->{closure:{closure:Illuminate\\Pipeline\\Pipeline::carry():184}:185}(Object(Illuminate\\Http\\Request))
#18 /home/alunoifpe/paulo/atividade_01-5/laravel-crud-01-wsl1/vendor/laravel/framework/src/Illuminate/Routing/Router.php(807): Illuminate\\Pipeline\\Pipeline->then(Object(Closure))
#19 /home/alunoifpe/paulo/atividade_01-5/laravel-crud-01-wsl1/vendor/laravel/framework/src/Illuminate/Routing/Router.php(786): Illuminate\\Routing\\Router->runRouteWithinStack(Object(Illuminate\\Routing\\Route), Object(Illuminate\\Http\\Request))
#20 /home/alunoifpe/paulo/atividade_01-5/laravel-crud-01-wsl1/vendor/laravel/framework/src/Illuminate/Routing/Router.php(750): Illuminate\\Routing\\Router->runRoute(Object(Illuminate\\Http\\Request), Object(Illuminate\\Routing\\Route))
#21 /home/alunoifpe/paulo/atividade_01-5/laravel-crud-01-wsl1/vendor/laravel/framework/src/Illuminate/Routing/Router.php(739): Illuminate\\Routing\\Router->dispatchToRoute(Object(Illuminate\\Http\\Request))
#22 /home/alunoifpe/paulo/atividade_01-5/laravel-crud-01-wsl1/vendor/laravel/framework/src/Illuminate/Foundation/Http/Kernel.php(201): Illuminate\\Routing\\Router->dispatch(Object(Illuminate\\Http\\Request))
#23 /home/alunoifpe/paulo/atividade_01-5/laravel-crud-01-wsl1/vendor/laravel/framework/src/Illuminate/Pipeline/Pipeline.php(170): Illuminate\\Foundation\\Http\\Kernel->{closure:Illuminate\\Foundation\\Http\\Kernel::dispatchToRouter():198}(Object(Illuminate\\Http\\Request))
#24 /home/alunoifpe/paulo/atividade_01-5/laravel-crud-01-wsl1/vendor/laravel/framework/src/Illuminate/Foundation/Http/Middleware/TransformsRequest.php(21): Illuminate\\Pipeline\\Pipeline->{closure:Illuminate\\Pipeline\\Pipeline::prepareDestination():168}(Object(Illuminate\\Http\\Request))
#25 /home/alunoifpe/paulo/atividade_01-5/laravel-crud-01-wsl1/vendor/laravel/framework/src/Illuminate/Foundation/Http/Middleware/ConvertEmptyStringsToNull.php(31): Illuminate\\Foundation\\Http\\Middleware\\TransformsRequest->handle(Object(Illuminate\\Http\\Request), Object(Closure))
#26 /home/alunoifpe/paulo/atividade_01-5/laravel-crud-01-wsl1/vendor/laravel/framework/src/Illuminate/Pipeline/Pipeline.php(209): Illuminate\\Foundation\\Http\\Middleware\\ConvertEmptyStringsToNull->handle(Object(Illuminate\\Http\\Request), Object(Closure))
#27 /home/alunoifpe/paulo/atividade_01-5/laravel-crud-01-wsl1/vendor/laravel/framework/src/Illuminate/Foundation/Http/Middleware/TransformsRequest.php(21): Illuminate\\Pipeline\\Pipeline->{closure:{closure:Illuminate\\Pipeline\\Pipeline::carry():184}:185}(Object(Illuminate\\Http\\Request))
#28 /home/alunoifpe/paulo/atividade_01-5/laravel-crud-01-wsl1/vendor/laravel/framework/src/Illuminate/Foundation/Http/Middleware/TrimStrings.php(51): Illuminate\\Foundation\\Http\\Middleware\\TransformsRequest->handle(Object(Illuminate\\Http\\Request), Object(Closure))
#29 /home/alunoifpe/paulo/atividade_01-5/laravel-crud-01-wsl1/vendor/laravel/framework/src/Illuminate/Pipeline/Pipeline.php(209): Illuminate\\Foundation\\Http\\Middleware\\TrimStrings->handle(Object(Illuminate\\Http\\Request), Object(Closure))
#30 /home/alunoifpe/paulo/atividade_01-5/laravel-crud-01-wsl1/vendor/laravel/framework/src/Illuminate/Http/Middleware/ValidatePostSize.php(27): Illuminate\\Pipeline\\Pipeline->{closure:{closure:Illuminate\\Pipeline\\Pipeline::carry():184}:185}(Object(Illuminate\\Http\\Request))
#31 /home/alunoifpe/paulo/atividade_01-5/laravel-crud-01-wsl1/vendor/laravel/framework/src/Illuminate/Pipeline/Pipeline.php(209): Illuminate\\Http\\Middleware\\ValidatePostSize->handle(Object(Illuminate\\Http\\Request), Object(Closure))
#32 /home/alunoifpe/paulo/atividade_01-5/laravel-crud-01-wsl1/vendor/laravel/framework/src/Illuminate/Foundation/Http/Middleware/PreventRequestsDuringMaintenance.php(110): Illuminate\\Pipeline\\Pipeline->{closure:{closure:Illuminate\\Pipeline\\Pipeline::carry():184}:185}(Object(Illuminate\\Http\\Request))
#33 /home/alunoifpe/paulo/atividade_01-5/laravel-crud-01-wsl1/vendor/laravel/framework/src/Illuminate/Pipeline/Pipeline.php(209): Illuminate\\Foundation\\Http\\Middleware\\PreventRequestsDuringMaintenance->handle(Object(Illuminate\\Http\\Request), Object(Closure))
#34 /home/alunoifpe/paulo/atividade_01-5/laravel-crud-01-wsl1/vendor/laravel/framework/src/Illuminate/Http/Middleware/HandleCors.php(49): Illuminate\\Pipeline\\Pipeline->{closure:{closure:Illuminate\\Pipeline\\Pipeline::carry():184}:185}(Object(Illuminate\\Http\\Request))
#35 /home/alunoifpe/paulo/atividade_01-5/laravel-crud-01-wsl1/vendor/laravel/framework/src/Illuminate/Pipeline/Pipeline.php(209): Illuminate\\Http\\Middleware\\HandleCors->handle(Object(Illuminate\\Http\\Request), Object(Closure))
#36 /home/alunoifpe/paulo/atividade_01-5/laravel-crud-01-wsl1/vendor/laravel/framework/src/Illuminate/Http/Middleware/TrustProxies.php(58): Illuminate\\Pipeline\\Pipeline->{closure:{closure:Illuminate\\Pipeline\\Pipeline::carry():184}:185}(Object(Illuminate\\Http\\Request))
#37 /home/alunoifpe/paulo/atividade_01-5/laravel-crud-01-wsl1/vendor/laravel/framework/src/Illuminate/Pipeline/Pipeline.php(209): Illuminate\\Http\\Middleware\\TrustProxies->handle(Object(Illuminate\\Http\\Request), Object(Closure))
#38 /home/alunoifpe/paulo/atividade_01-5/laravel-crud-01-wsl1/vendor/laravel/framework/src/Illuminate/Foundation/Http/Middleware/InvokeDeferredCallbacks.php(22): Illuminate\\Pipeline\\Pipeline->{closure:{closure:Illuminate\\Pipeline\\Pipeline::carry():184}:185}(Object(Illuminate\\Http\\Request))
#39 /home/alunoifpe/paulo/atividade_01-5/laravel-crud-01-wsl1/vendor/laravel/framework/src/Illuminate/Pipeline/Pipeline.php(209): Illuminate\\Foundation\\Http\\Middleware\\InvokeDeferredCallbacks->handle(Object(Illuminate\\Http\\Request), Object(Closure))
#40 /home/alunoifpe/paulo/atividade_01-5/laravel-crud-01-wsl1/vendor/laravel/framework/src/Illuminate/Pipeline/Pipeline.php(127): Illuminate\\Pipeline\\Pipeline->{closure:{closure:Illuminate\\Pipeline\\Pipeline::carry():184}:185}(Object(Illuminate\\Http\\Request))
#41 /home/alunoifpe/paulo/atividade_01-5/laravel-crud-01-wsl1/vendor/laravel/framework/src/Illuminate/Foundation/Http/Kernel.php(176): Illuminate\\Pipeline\\Pipeline->then(Object(Closure))
#42 /home/alunoifpe/paulo/atividade_01-5/laravel-crud-01-wsl1/vendor/laravel/framework/src/Illuminate/Foundation/Http/Kernel.php(145): Illuminate\\Foundation\\Http\\Kernel->sendRequestThroughRouter(Object(Illuminate\\Http\\Request))
#43 /home/alunoifpe/paulo/atividade_01-5/laravel-crud-01-wsl1/vendor/laravel/framework/src/Illuminate/Foundation/Application.php(1220): Illuminate\\Foundation\\Http\\Kernel->handle(Object(Illuminate\\Http\\Request))
#44 /home/alunoifpe/paulo/atividade_01-5/laravel-crud-01-wsl1/public/index.php(17): Illuminate\\Foundation\\Application->handleRequest(Object(Illuminate\\Http\\Request))
#45 /home/alunoifpe/paulo/atividade_01-5/laravel-crud-01-wsl1/vendor/laravel/framework/src/Illuminate/Foundation/resources/server.php(23): require_once('/home/alunoifpe...')
#46 {main}
"} 
[2025-04-25 14:18:34] production.ERROR: No application encryption key has been specified. {"exception":"[object] (Illuminate\\Encryption\\MissingAppKeyException(code: 0): No application encryption key has been specified. at /home/alunoifpe/paulo/atividade_01-5/laravel-crud-01-wsl1/vendor/laravel/framework/src/Illuminate/Encryption/EncryptionServiceProvider.php:83)
[stacktrace]
#0 /home/alunoifpe/paulo/atividade_01-5/laravel-crud-01-wsl1/vendor/laravel/framework/src/Illuminate/Support/helpers.php(399): Illuminate\\Encryption\\EncryptionServiceProvider->{closure:Illuminate\\Encryption\\EncryptionServiceProvider::key():81}(NULL)
#1 /home/alunoifpe/paulo/atividade_01-5/laravel-crud-01-wsl1/vendor/laravel/framework/src/Illuminate/Encryption/EncryptionServiceProvider.php(81): tap(NULL, Object(Closure))
#2 /home/alunoifpe/paulo/atividade_01-5/laravel-crud-01-wsl1/vendor/laravel/framework/src/Illuminate/Encryption/EncryptionServiceProvider.php(64): Illuminate\\Encryption\\EncryptionServiceProvider->key(Array)
#3 /home/alunoifpe/paulo/atividade_01-5/laravel-crud-01-wsl1/vendor/laravel/framework/src/Illuminate/Encryption/EncryptionServiceProvider.php(32): Illuminate\\Encryption\\EncryptionServiceProvider->parseKey(Array)
#4 /home/alunoifpe/paulo/atividade_01-5/laravel-crud-01-wsl1/vendor/laravel/framework/src/Illuminate/Container/Container.php(952): Illuminate\\Encryption\\EncryptionServiceProvider->{closure:Illuminate\\Encryption\\EncryptionServiceProvider::registerEncrypter():29}(Object(Illuminate\\Foundation\\Application), Array)
#5 /home/alunoifpe/paulo/atividade_01-5/laravel-crud-01-wsl1/vendor/laravel/framework/src/Illuminate/Container/Container.php(832): Illuminate\\Container\\Container->build(Object(Closure))
#6 /home/alunoifpe/paulo/atividade_01-5/laravel-crud-01-wsl1/vendor/laravel/framework/src/Illuminate/Foundation/Application.php(1078): Illuminate\\Container\\Container->resolve('encrypter', Array, true)
#7 /home/alunoifpe/paulo/atividade_01-5/laravel-crud-01-wsl1/vendor/laravel/framework/src/Illuminate/Container/Container.php(763): Illuminate\\Foundation\\Application->resolve('encrypter', Array)
#8 /home/alunoifpe/paulo/atividade_01-5/laravel-crud-01-wsl1/vendor/laravel/framework/src/Illuminate/Foundation/Application.php(1058): Illuminate\\Container\\Container->make('encrypter', Array)
#9 /home/alunoifpe/paulo/atividade_01-5/laravel-crud-01-wsl1/vendor/laravel/framework/src/Illuminate/Container/Container.php(1133): Illuminate\\Foundation\\Application->make('encrypter')
#10 /home/alunoifpe/paulo/atividade_01-5/laravel-crud-01-wsl1/vendor/laravel/framework/src/Illuminate/Container/Container.php(1043): Illuminate\\Container\\Container->resolveClass(Object(ReflectionParameter))
#11 /home/alunoifpe/paulo/atividade_01-5/laravel-crud-01-wsl1/vendor/laravel/framework/src/Illuminate/Container/Container.php(994): Illuminate\\Container\\Container->resolveDependencies(Array)
#12 /home/alunoifpe/paulo/atividade_01-5/laravel-crud-01-wsl1/vendor/laravel/framework/src/Illuminate/Container/Container.php(832): Illuminate\\Container\\Container->build('Illuminate\\\\Cook...')
#13 /home/alunoifpe/paulo/atividade_01-5/laravel-crud-01-wsl1/vendor/laravel/framework/src/Illuminate/Foundation/Application.php(1078): Illuminate\\Container\\Container->resolve('Illuminate\\\\Cook...', Array, true)
#14 /home/alunoifpe/paulo/atividade_01-5/laravel-crud-01-wsl1/vendor/laravel/framework/src/Illuminate/Container/Container.php(763): Illuminate\\Foundation\\Application->resolve('Illuminate\\\\Cook...', Array)
#15 /home/alunoifpe/paulo/atividade_01-5/laravel-crud-01-wsl1/vendor/laravel/framework/src/Illuminate/Foundation/Application.php(1058): Illuminate\\Container\\Container->make('Illuminate\\\\Cook...', Array)
#16 /home/alunoifpe/paulo/atividade_01-5/laravel-crud-01-wsl1/vendor/laravel/framework/src/Illuminate/Foundation/Http/Kernel.php(258): Illuminate\\Foundation\\Application->make('Illuminate\\\\Cook...')
#17 /home/alunoifpe/paulo/atividade_01-5/laravel-crud-01-wsl1/vendor/laravel/framework/src/Illuminate/Foundation/Http/Kernel.php(216): Illuminate\\Foundation\\Http\\Kernel->terminateMiddleware(Object(Illuminate\\Http\\Request), Object(Illuminate\\Http\\Response))
#18 /home/alunoifpe/paulo/atividade_01-5/laravel-crud-01-wsl1/vendor/laravel/framework/src/Illuminate/Foundation/Application.php(1222): Illuminate\\Foundation\\Http\\Kernel->terminate(Object(Illuminate\\Http\\Request), Object(Illuminate\\Http\\Response))
#19 /home/alunoifpe/paulo/atividade_01-5/laravel-crud-01-wsl1/public/index.php(17): Illuminate\\Foundation\\Application->handleRequest(Object(Illuminate\\Http\\Request))
#20 /home/alunoifpe/paulo/atividade_01-5/laravel-crud-01-wsl1/vendor/laravel/framework/src/Illuminate/Foundation/resources/server.php(23): require_once('/home/alunoifpe...')
#21 {main}
"} 
[2025-06-13 18:59:22] production.ERROR: file_get_contents(/mnt/c/Users/Vini/Downloads/AtividadesWebII-main/AtividadesWebII-main/atividade_03/laravel-seeds-factories/.env): Failed to open stream: No such file or directory {"exception":"[object] (ErrorException(code: 0): file_get_contents(/mnt/c/Users/Vini/Downloads/AtividadesWebII-main/AtividadesWebII-main/atividade_03/laravel-seeds-factories/.env): Failed to open stream: No such file or directory at /mnt/c/Users/Vini/Downloads/AtividadesWebII-main/AtividadesWebII-main/atividade_03/laravel-seeds-factories/vendor/laravel/framework/src/Illuminate/Foundation/Console/KeyGenerateCommand.php:100)
[stacktrace]
#0 /mnt/c/Users/Vini/Downloads/AtividadesWebII-main/AtividadesWebII-main/atividade_03/laravel-seeds-factories/vendor/laravel/framework/src/Illuminate/Foundation/Bootstrap/HandleExceptions.php(256): Illuminate\\Foundation\\Bootstrap\\HandleExceptions->handleError()
#1 [internal function]: Illuminate\\Foundation\\Bootstrap\\HandleExceptions->Illuminate\\Foundation\\Bootstrap\\{closure}()
#2 /mnt/c/Users/Vini/Downloads/AtividadesWebII-main/AtividadesWebII-main/atividade_03/laravel-seeds-factories/vendor/laravel/framework/src/Illuminate/Foundation/Console/KeyGenerateCommand.php(100): file_get_contents()
#3 /mnt/c/Users/Vini/Downloads/AtividadesWebII-main/AtividadesWebII-main/atividade_03/laravel-seeds-factories/vendor/laravel/framework/src/Illuminate/Foundation/Console/KeyGenerateCommand.php(82): Illuminate\\Foundation\\Console\\KeyGenerateCommand->writeNewEnvironmentFileWith()
#4 /mnt/c/Users/Vini/Downloads/AtividadesWebII-main/AtividadesWebII-main/atividade_03/laravel-seeds-factories/vendor/laravel/framework/src/Illuminate/Foundation/Console/KeyGenerateCommand.php(47): Illuminate\\Foundation\\Console\\KeyGenerateCommand->setKeyInEnvironmentFile()
#5 /mnt/c/Users/Vini/Downloads/AtividadesWebII-main/AtividadesWebII-main/atividade_03/laravel-seeds-factories/vendor/laravel/framework/src/Illuminate/Container/BoundMethod.php(36): Illuminate\\Foundation\\Console\\KeyGenerateCommand->handle()
#6 /mnt/c/Users/Vini/Downloads/AtividadesWebII-main/AtividadesWebII-main/atividade_03/laravel-seeds-factories/vendor/laravel/framework/src/Illuminate/Container/Util.php(43): Illuminate\\Container\\BoundMethod::Illuminate\\Container\\{closure}()
#7 /mnt/c/Users/Vini/Downloads/AtividadesWebII-main/AtividadesWebII-main/atividade_03/laravel-seeds-factories/vendor/laravel/framework/src/Illuminate/Container/BoundMethod.php(95): Illuminate\\Container\\Util::unwrapIfClosure()
#8 /mnt/c/Users/Vini/Downloads/AtividadesWebII-main/AtividadesWebII-main/atividade_03/laravel-seeds-factories/vendor/laravel/framework/src/Illuminate/Container/BoundMethod.php(35): Illuminate\\Container\\BoundMethod::callBoundMethod()
#9 /mnt/c/Users/Vini/Downloads/AtividadesWebII-main/AtividadesWebII-main/atividade_03/laravel-seeds-factories/vendor/laravel/framework/src/Illuminate/Container/Container.php(696): Illuminate\\Container\\BoundMethod::call()
#10 /mnt/c/Users/Vini/Downloads/AtividadesWebII-main/AtividadesWebII-main/atividade_03/laravel-seeds-factories/vendor/laravel/framework/src/Illuminate/Console/Command.php(213): Illuminate\\Container\\Container->call()
#11 /mnt/c/Users/Vini/Downloads/AtividadesWebII-main/AtividadesWebII-main/atividade_03/laravel-seeds-factories/vendor/symfony/console/Command/Command.php(279): Illuminate\\Console\\Command->execute()
#12 /mnt/c/Users/Vini/Downloads/AtividadesWebII-main/AtividadesWebII-main/atividade_03/laravel-seeds-factories/vendor/laravel/framework/src/Illuminate/Console/Command.php(182): Symfony\\Component\\Console\\Command\\Command->run()
#13 /mnt/c/Users/Vini/Downloads/AtividadesWebII-main/AtividadesWebII-main/atividade_03/laravel-seeds-factories/vendor/symfony/console/Application.php(1094): Illuminate\\Console\\Command->run()
#14 /mnt/c/Users/Vini/Downloads/AtividadesWebII-main/AtividadesWebII-main/atividade_03/laravel-seeds-factories/vendor/symfony/console/Application.php(342): Symfony\\Component\\Console\\Application->doRunCommand()
#15 /mnt/c/Users/Vini/Downloads/AtividadesWebII-main/AtividadesWebII-main/atividade_03/laravel-seeds-factories/vendor/symfony/console/Application.php(193): Symfony\\Component\\Console\\Application->doRun()
#16 /mnt/c/Users/Vini/Downloads/AtividadesWebII-main/AtividadesWebII-main/atividade_03/laravel-seeds-factories/vendor/laravel/framework/src/Illuminate/Foundation/Console/Kernel.php(198): Symfony\\Component\\Console\\Application->run()
#17 /mnt/c/Users/Vini/Downloads/AtividadesWebII-main/AtividadesWebII-main/atividade_03/laravel-seeds-factories/vendor/laravel/framework/src/Illuminate/Foundation/Application.php(1235): Illuminate\\Foundation\\Console\\Kernel->handle()
#18 /mnt/c/Users/Vini/Downloads/AtividadesWebII-main/AtividadesWebII-main/atividade_03/laravel-seeds-factories/artisan(13): Illuminate\\Foundation\\Application->handleCommand()
#19 {main}
"} 
[2025-06-13 19:05:15] production.ERROR: file_get_contents(/mnt/c/Users/Vini/Downloads/AtividadesWebII-main/AtividadesWebII-main/atividade_03/laravel-seeds-factories/.env): Failed to open stream: No such file or directory {"exception":"[object] (ErrorException(code: 0): file_get_contents(/mnt/c/Users/Vini/Downloads/AtividadesWebII-main/AtividadesWebII-main/atividade_03/laravel-seeds-factories/.env): Failed to open stream: No such file or directory at /mnt/c/Users/Vini/Downloads/AtividadesWebII-main/AtividadesWebII-main/atividade_03/laravel-seeds-factories/vendor/laravel/framework/src/Illuminate/Foundation/Console/KeyGenerateCommand.php:100)
[stacktrace]
#0 /mnt/c/Users/Vini/Downloads/AtividadesWebII-main/AtividadesWebII-main/atividade_03/laravel-seeds-factories/vendor/laravel/framework/src/Illuminate/Foundation/Bootstrap/HandleExceptions.php(256): Illuminate\\Foundation\\Bootstrap\\HandleExceptions->handleError()
#1 [internal function]: Illuminate\\Foundation\\Bootstrap\\HandleExceptions->Illuminate\\Foundation\\Bootstrap\\{closure}()
#2 /mnt/c/Users/Vini/Downloads/AtividadesWebII-main/AtividadesWebII-main/atividade_03/laravel-seeds-factories/vendor/laravel/framework/src/Illuminate/Foundation/Console/KeyGenerateCommand.php(100): file_get_contents()
#3 /mnt/c/Users/Vini/Downloads/AtividadesWebII-main/AtividadesWebII-main/atividade_03/laravel-seeds-factories/vendor/laravel/framework/src/Illuminate/Foundation/Console/KeyGenerateCommand.php(82): Illuminate\\Foundation\\Console\\KeyGenerateCommand->writeNewEnvironmentFileWith()
#4 /mnt/c/Users/Vini/Downloads/AtividadesWebII-main/AtividadesWebII-main/atividade_03/laravel-seeds-factories/vendor/laravel/framework/src/Illuminate/Foundation/Console/KeyGenerateCommand.php(47): Illuminate\\Foundation\\Console\\KeyGenerateCommand->setKeyInEnvironmentFile()
#5 /mnt/c/Users/Vini/Downloads/AtividadesWebII-main/AtividadesWebII-main/atividade_03/laravel-seeds-factories/vendor/laravel/framework/src/Illuminate/Container/BoundMethod.php(36): Illuminate\\Foundation\\Console\\KeyGenerateCommand->handle()
#6 /mnt/c/Users/Vini/Downloads/AtividadesWebII-main/AtividadesWebII-main/atividade_03/laravel-seeds-factories/vendor/laravel/framework/src/Illuminate/Container/Util.php(43): Illuminate\\Container\\BoundMethod::Illuminate\\Container\\{closure}()
#7 /mnt/c/Users/Vini/Downloads/AtividadesWebII-main/AtividadesWebII-main/atividade_03/laravel-seeds-factories/vendor/laravel/framework/src/Illuminate/Container/BoundMethod.php(95): Illuminate\\Container\\Util::unwrapIfClosure()
#8 /mnt/c/Users/Vini/Downloads/AtividadesWebII-main/AtividadesWebII-main/atividade_03/laravel-seeds-factories/vendor/laravel/framework/src/Illuminate/Container/BoundMethod.php(35): Illuminate\\Container\\BoundMethod::callBoundMethod()
#9 /mnt/c/Users/Vini/Downloads/AtividadesWebII-main/AtividadesWebII-main/atividade_03/laravel-seeds-factories/vendor/laravel/framework/src/Illuminate/Container/Container.php(696): Illuminate\\Container\\BoundMethod::call()
#10 /mnt/c/Users/Vini/Downloads/AtividadesWebII-main/AtividadesWebII-main/atividade_03/laravel-seeds-factories/vendor/laravel/framework/src/Illuminate/Console/Command.php(213): Illuminate\\Container\\Container->call()
#11 /mnt/c/Users/Vini/Downloads/AtividadesWebII-main/AtividadesWebII-main/atividade_03/laravel-seeds-factories/vendor/symfony/console/Command/Command.php(279): Illuminate\\Console\\Command->execute()
#12 /mnt/c/Users/Vini/Downloads/AtividadesWebII-main/AtividadesWebII-main/atividade_03/laravel-seeds-factories/vendor/laravel/framework/src/Illuminate/Console/Command.php(182): Symfony\\Component\\Console\\Command\\Command->run()
#13 /mnt/c/Users/Vini/Downloads/AtividadesWebII-main/AtividadesWebII-main/atividade_03/laravel-seeds-factories/vendor/symfony/console/Application.php(1094): Illuminate\\Console\\Command->run()
#14 /mnt/c/Users/Vini/Downloads/AtividadesWebII-main/AtividadesWebII-main/atividade_03/laravel-seeds-factories/vendor/symfony/console/Application.php(342): Symfony\\Component\\Console\\Application->doRunCommand()
#15 /mnt/c/Users/Vini/Downloads/AtividadesWebII-main/AtividadesWebII-main/atividade_03/laravel-seeds-factories/vendor/symfony/console/Application.php(193): Symfony\\Component\\Console\\Application->doRun()
#16 /mnt/c/Users/Vini/Downloads/AtividadesWebII-main/AtividadesWebII-main/atividade_03/laravel-seeds-factories/vendor/laravel/framework/src/Illuminate/Foundation/Console/Kernel.php(198): Symfony\\Component\\Console\\Application->run()
#17 /mnt/c/Users/Vini/Downloads/AtividadesWebII-main/AtividadesWebII-main/atividade_03/laravel-seeds-factories/vendor/laravel/framework/src/Illuminate/Foundation/Application.php(1235): Illuminate\\Foundation\\Console\\Kernel->handle()
#18 /mnt/c/Users/Vini/Downloads/AtividadesWebII-main/AtividadesWebII-main/atividade_03/laravel-seeds-factories/artisan(13): Illuminate\\Foundation\\Application->handleCommand()
#19 {main}
"} 
[2025-06-13 19:10:48] local.ERROR: could not find driver (Connection: sqlite, SQL: PRAGMA foreign_keys = ON;) {"exception":"[object] (Illuminate\\Database\\QueryException(code: 0): could not find driver (Connection: sqlite, SQL: PRAGMA foreign_keys = ON;) at /mnt/c/Users/Vini/Downloads/AtividadesWebII-main/AtividadesWebII-main/atividade_03/laravel-seeds-factories/vendor/laravel/framework/src/Illuminate/Database/Connection.php:825)
[stacktrace]
#0 /mnt/c/Users/Vini/Downloads/AtividadesWebII-main/AtividadesWebII-main/atividade_03/laravel-seeds-factories/vendor/laravel/framework/src/Illuminate/Database/Connection.php(779): Illuminate\\Database\\Connection->runQueryCallback()
#1 /mnt/c/Users/Vini/Downloads/AtividadesWebII-main/AtividadesWebII-main/atividade_03/laravel-seeds-factories/vendor/laravel/framework/src/Illuminate/Database/Connection.php(560): Illuminate\\Database\\Connection->run()
#2 /mnt/c/Users/Vini/Downloads/AtividadesWebII-main/AtividadesWebII-main/atividade_03/laravel-seeds-factories/vendor/laravel/framework/src/Illuminate/Database/Schema/Builder.php(522): Illuminate\\Database\\Connection->statement()
#3 /mnt/c/Users/Vini/Downloads/AtividadesWebII-main/AtividadesWebII-main/atividade_03/laravel-seeds-factories/vendor/laravel/framework/src/Illuminate/Database/SQLiteConnection.php(59): Illuminate\\Database\\Schema\\Builder->enableForeignKeyConstraints()
#4 /mnt/c/Users/Vini/Downloads/AtividadesWebII-main/AtividadesWebII-main/atividade_03/laravel-seeds-factories/vendor/laravel/framework/src/Illuminate/Database/SQLiteConnection.php(28): Illuminate\\Database\\SQLiteConnection->configureForeignKeyConstraints()
#5 /mnt/c/Users/Vini/Downloads/AtividadesWebII-main/AtividadesWebII-main/atividade_03/laravel-seeds-factories/vendor/laravel/framework/src/Illuminate/Database/Connectors/ConnectionFactory.php(277): Illuminate\\Database\\SQLiteConnection->__construct()
#6 /mnt/c/Users/Vini/Downloads/AtividadesWebII-main/AtividadesWebII-main/atividade_03/laravel-seeds-factories/vendor/laravel/framework/src/Illuminate/Database/Connectors/ConnectionFactory.php(76): Illuminate\\Database\\Connectors\\ConnectionFactory->createConnection()
#7 /mnt/c/Users/Vini/Downloads/AtividadesWebII-main/AtividadesWebII-main/atividade_03/laravel-seeds-factories/vendor/laravel/framework/src/Illuminate/Database/Connectors/ConnectionFactory.php(51): Illuminate\\Database\\Connectors\\ConnectionFactory->createSingleConnection()
#8 /mnt/c/Users/Vini/Downloads/AtividadesWebII-main/AtividadesWebII-main/atividade_03/laravel-seeds-factories/vendor/laravel/framework/src/Illuminate/Database/DatabaseManager.php(207): Illuminate\\Database\\Connectors\\ConnectionFactory->make()
#9 /mnt/c/Users/Vini/Downloads/AtividadesWebII-main/AtividadesWebII-main/atividade_03/laravel-seeds-factories/vendor/laravel/framework/src/Illuminate/Database/DatabaseManager.php(103): Illuminate\\Database\\DatabaseManager->makeConnection()
#10 /mnt/c/Users/Vini/Downloads/AtividadesWebII-main/AtividadesWebII-main/atividade_03/laravel-seeds-factories/vendor/laravel/framework/src/Illuminate/Database/Migrations/DatabaseMigrationRepository.php(226): Illuminate\\Database\\DatabaseManager->connection()
#11 /mnt/c/Users/Vini/Downloads/AtividadesWebII-main/AtividadesWebII-main/atividade_03/laravel-seeds-factories/vendor/laravel/framework/src/Illuminate/Database/Migrations/DatabaseMigrationRepository.php(182): Illuminate\\Database\\Migrations\\DatabaseMigrationRepository->getConnection()
#12 /mnt/c/Users/Vini/Downloads/AtividadesWebII-main/AtividadesWebII-main/atividade_03/laravel-seeds-factories/vendor/laravel/framework/src/Illuminate/Database/Migrations/Migrator.php(742): Illuminate\\Database\\Migrations\\DatabaseMigrationRepository->repositoryExists()
#13 /mnt/c/Users/Vini/Downloads/AtividadesWebII-main/AtividadesWebII-main/atividade_03/laravel-seeds-factories/vendor/laravel/framework/src/Illuminate/Database/Console/Migrations/MigrateCommand.php(165): Illuminate\\Database\\Migrations\\Migrator->repositoryExists()
#14 /mnt/c/Users/Vini/Downloads/AtividadesWebII-main/AtividadesWebII-main/atividade_03/laravel-seeds-factories/vendor/laravel/framework/src/Illuminate/Support/helpers.php(338): Illuminate\\Database\\Console\\Migrations\\MigrateCommand->Illuminate\\Database\\Console\\Migrations\\{closure}()
#15 /mnt/c/Users/Vini/Downloads/AtividadesWebII-main/AtividadesWebII-main/atividade_03/laravel-seeds-factories/vendor/laravel/framework/src/Illuminate/Database/Console/Migrations/MigrateCommand.php(165): retry()
#16 /mnt/c/Users/Vini/Downloads/AtividadesWebII-main/AtividadesWebII-main/atividade_03/laravel-seeds-factories/vendor/laravel/framework/src/Illuminate/Database/Console/Migrations/MigrateCommand.php(141): Illuminate\\Database\\Console\\Migrations\\MigrateCommand->repositoryExists()
#17 /mnt/c/Users/Vini/Downloads/AtividadesWebII-main/AtividadesWebII-main/atividade_03/laravel-seeds-factories/vendor/laravel/framework/src/Illuminate/Database/Console/Migrations/MigrateCommand.php(111): Illuminate\\Database\\Console\\Migrations\\MigrateCommand->prepareDatabase()
#18 /mnt/c/Users/Vini/Downloads/AtividadesWebII-main/AtividadesWebII-main/atividade_03/laravel-seeds-factories/vendor/laravel/framework/src/Illuminate/Database/Migrations/Migrator.php(658): Illuminate\\Database\\Console\\Migrations\\MigrateCommand->Illuminate\\Database\\Console\\Migrations\\{closure}()
#19 /mnt/c/Users/Vini/Downloads/AtividadesWebII-main/AtividadesWebII-main/atividade_03/laravel-seeds-factories/vendor/laravel/framework/src/Illuminate/Database/Console/Migrations/MigrateCommand.php(110): Illuminate\\Database\\Migrations\\Migrator->usingConnection()
#20 /mnt/c/Users/Vini/Downloads/AtividadesWebII-main/AtividadesWebII-main/atividade_03/laravel-seeds-factories/vendor/laravel/framework/src/Illuminate/Database/Console/Migrations/MigrateCommand.php(89): Illuminate\\Database\\Console\\Migrations\\MigrateCommand->runMigrations()
#21 /mnt/c/Users/Vini/Downloads/AtividadesWebII-main/AtividadesWebII-main/atividade_03/laravel-seeds-factories/vendor/laravel/framework/src/Illuminate/Container/BoundMethod.php(36): Illuminate\\Database\\Console\\Migrations\\MigrateCommand->handle()
#22 /mnt/c/Users/Vini/Downloads/AtividadesWebII-main/AtividadesWebII-main/atividade_03/laravel-seeds-factories/vendor/laravel/framework/src/Illuminate/Container/Util.php(43): Illuminate\\Container\\BoundMethod::Illuminate\\Container\\{closure}()
#23 /mnt/c/Users/Vini/Downloads/AtividadesWebII-main/AtividadesWebII-main/atividade_03/laravel-seeds-factories/vendor/laravel/framework/src/Illuminate/Container/BoundMethod.php(95): Illuminate\\Container\\Util::unwrapIfClosure()
#24 /mnt/c/Users/Vini/Downloads/AtividadesWebII-main/AtividadesWebII-main/atividade_03/laravel-seeds-factories/vendor/laravel/framework/src/Illuminate/Container/BoundMethod.php(35): Illuminate\\Container\\BoundMethod::callBoundMethod()
#25 /mnt/c/Users/Vini/Downloads/AtividadesWebII-main/AtividadesWebII-main/atividade_03/laravel-seeds-factories/vendor/laravel/framework/src/Illuminate/Container/Container.php(696): Illuminate\\Container\\BoundMethod::call()
#26 /mnt/c/Users/Vini/Downloads/AtividadesWebII-main/AtividadesWebII-main/atividade_03/laravel-seeds-factories/vendor/laravel/framework/src/Illuminate/Console/Command.php(213): Illuminate\\Container\\Container->call()
#27 /mnt/c/Users/Vini/Downloads/AtividadesWebII-main/AtividadesWebII-main/atividade_03/laravel-seeds-factories/vendor/symfony/console/Command/Command.php(279): Illuminate\\Console\\Command->execute()
#28 /mnt/c/Users/Vini/Downloads/AtividadesWebII-main/AtividadesWebII-main/atividade_03/laravel-seeds-factories/vendor/laravel/framework/src/Illuminate/Console/Command.php(182): Symfony\\Component\\Console\\Command\\Command->run()
#29 /mnt/c/Users/Vini/Downloads/AtividadesWebII-main/AtividadesWebII-main/atividade_03/laravel-seeds-factories/vendor/symfony/console/Application.php(1094): Illuminate\\Console\\Command->run()
#30 /mnt/c/Users/Vini/Downloads/AtividadesWebII-main/AtividadesWebII-main/atividade_03/laravel-seeds-factories/vendor/symfony/console/Application.php(342): Symfony\\Component\\Console\\Application->doRunCommand()
#31 /mnt/c/Users/Vini/Downloads/AtividadesWebII-main/AtividadesWebII-main/atividade_03/laravel-seeds-factories/vendor/symfony/console/Application.php(193): Symfony\\Component\\Console\\Application->doRun()
#32 /mnt/c/Users/Vini/Downloads/AtividadesWebII-main/AtividadesWebII-main/atividade_03/laravel-seeds-factories/vendor/laravel/framework/src/Illuminate/Foundation/Console/Kernel.php(198): Symfony\\Component\\Console\\Application->run()
#33 /mnt/c/Users/Vini/Downloads/AtividadesWebII-main/AtividadesWebII-main/atividade_03/laravel-seeds-factories/vendor/laravel/framework/src/Illuminate/Foundation/Application.php(1235): Illuminate\\Foundation\\Console\\Kernel->handle()
#34 /mnt/c/Users/Vini/Downloads/AtividadesWebII-main/AtividadesWebII-main/atividade_03/laravel-seeds-factories/artisan(13): Illuminate\\Foundation\\Application->handleCommand()
#35 {main}

[previous exception] [object] (PDOException(code: 0): could not find driver at /mnt/c/Users/Vini/Downloads/AtividadesWebII-main/AtividadesWebII-main/atividade_03/laravel-seeds-factories/vendor/laravel/framework/src/Illuminate/Database/Connectors/Connector.php:66)
[stacktrace]
#0 /mnt/c/Users/Vini/Downloads/AtividadesWebII-main/AtividadesWebII-main/atividade_03/laravel-seeds-factories/vendor/laravel/framework/src/Illuminate/Database/Connectors/Connector.php(66): PDO->__construct()
#1 /mnt/c/Users/Vini/Downloads/AtividadesWebII-main/AtividadesWebII-main/atividade_03/laravel-seeds-factories/vendor/laravel/framework/src/Illuminate/Database/Connectors/Connector.php(44): Illuminate\\Database\\Connectors\\Connector->createPdoConnection()
#2 /mnt/c/Users/Vini/Downloads/AtividadesWebII-main/AtividadesWebII-main/atividade_03/laravel-seeds-factories/vendor/laravel/framework/src/Illuminate/Database/Connectors/SQLiteConnector.php(40): Illuminate\\Database\\Connectors\\Connector->createConnection()
#3 /mnt/c/Users/Vini/Downloads/AtividadesWebII-main/AtividadesWebII-main/atividade_03/laravel-seeds-factories/vendor/laravel/framework/src/Illuminate/Database/Connectors/ConnectionFactory.php(224): Illuminate\\Database\\Connectors\\SQLiteConnector->connect()
#4 [internal function]: Illuminate\\Database\\Connectors\\ConnectionFactory->Illuminate\\Database\\Connectors\\{closure}()
#5 /mnt/c/Users/Vini/Downloads/AtividadesWebII-main/AtividadesWebII-main/atividade_03/laravel-seeds-factories/vendor/laravel/framework/src/Illuminate/Database/Connection.php(1231): call_user_func()
#6 /mnt/c/Users/Vini/Downloads/AtividadesWebII-main/AtividadesWebII-main/atividade_03/laravel-seeds-factories/vendor/laravel/framework/src/Illuminate/Database/Connection.php(565): Illuminate\\Database\\Connection->getPdo()
#7 /mnt/c/Users/Vini/Downloads/AtividadesWebII-main/AtividadesWebII-main/atividade_03/laravel-seeds-factories/vendor/laravel/framework/src/Illuminate/Database/Connection.php(812): Illuminate\\Database\\Connection->Illuminate\\Database\\{closure}()
#8 /mnt/c/Users/Vini/Downloads/AtividadesWebII-main/AtividadesWebII-main/atividade_03/laravel-seeds-factories/vendor/laravel/framework/src/Illuminate/Database/Connection.php(779): Illuminate\\Database\\Connection->runQueryCallback()
#9 /mnt/c/Users/Vini/Downloads/AtividadesWebII-main/AtividadesWebII-main/atividade_03/laravel-seeds-factories/vendor/laravel/framework/src/Illuminate/Database/Connection.php(560): Illuminate\\Database\\Connection->run()
#10 /mnt/c/Users/Vini/Downloads/AtividadesWebII-main/AtividadesWebII-main/atividade_03/laravel-seeds-factories/vendor/laravel/framework/src/Illuminate/Database/Schema/Builder.php(522): Illuminate\\Database\\Connection->statement()
#11 /mnt/c/Users/Vini/Downloads/AtividadesWebII-main/AtividadesWebII-main/atividade_03/laravel-seeds-factories/vendor/laravel/framework/src/Illuminate/Database/SQLiteConnection.php(59): Illuminate\\Database\\Schema\\Builder->enableForeignKeyConstraints()
#12 /mnt/c/Users/Vini/Downloads/AtividadesWebII-main/AtividadesWebII-main/atividade_03/laravel-seeds-factories/vendor/laravel/framework/src/Illuminate/Database/SQLiteConnection.php(28): Illuminate\\Database\\SQLiteConnection->configureForeignKeyConstraints()
#13 /mnt/c/Users/Vini/Downloads/AtividadesWebII-main/AtividadesWebII-main/atividade_03/laravel-seeds-factories/vendor/laravel/framework/src/Illuminate/Database/Connectors/ConnectionFactory.php(277): Illuminate\\Database\\SQLiteConnection->__construct()
#14 /mnt/c/Users/Vini/Downloads/AtividadesWebII-main/AtividadesWebII-main/atividade_03/laravel-seeds-factories/vendor/laravel/framework/src/Illuminate/Database/Connectors/ConnectionFactory.php(76): Illuminate\\Database\\Connectors\\ConnectionFactory->createConnection()
#15 /mnt/c/Users/Vini/Downloads/AtividadesWebII-main/AtividadesWebII-main/atividade_03/laravel-seeds-factories/vendor/laravel/framework/src/Illuminate/Database/Connectors/ConnectionFactory.php(51): Illuminate\\Database\\Connectors\\ConnectionFactory->createSingleConnection()
#16 /mnt/c/Users/Vini/Downloads/AtividadesWebII-main/AtividadesWebII-main/atividade_03/laravel-seeds-factories/vendor/laravel/framework/src/Illuminate/Database/DatabaseManager.php(207): Illuminate\\Database\\Connectors\\ConnectionFactory->make()
#17 /mnt/c/Users/Vini/Downloads/AtividadesWebII-main/AtividadesWebII-main/atividade_03/laravel-seeds-factories/vendor/laravel/framework/src/Illuminate/Database/DatabaseManager.php(103): Illuminate\\Database\\DatabaseManager->makeConnection()
#18 /mnt/c/Users/Vini/Downloads/AtividadesWebII-main/AtividadesWebII-main/atividade_03/laravel-seeds-factories/vendor/laravel/framework/src/Illuminate/Database/Migrations/DatabaseMigrationRepository.php(226): Illuminate\\Database\\DatabaseManager->connection()
#19 /mnt/c/Users/Vini/Downloads/AtividadesWebII-main/AtividadesWebII-main/atividade_03/laravel-seeds-factories/vendor/laravel/framework/src/Illuminate/Database/Migrations/DatabaseMigrationRepository.php(182): Illuminate\\Database\\Migrations\\DatabaseMigrationRepository->getConnection()
#20 /mnt/c/Users/Vini/Downloads/AtividadesWebII-main/AtividadesWebII-main/atividade_03/laravel-seeds-factories/vendor/laravel/framework/src/Illuminate/Database/Migrations/Migrator.php(742): Illuminate\\Database\\Migrations\\DatabaseMigrationRepository->repositoryExists()
#21 /mnt/c/Users/Vini/Downloads/AtividadesWebII-main/AtividadesWebII-main/atividade_03/laravel-seeds-factories/vendor/laravel/framework/src/Illuminate/Database/Console/Migrations/MigrateCommand.php(165): Illuminate\\Database\\Migrations\\Migrator->repositoryExists()
#22 /mnt/c/Users/Vini/Downloads/AtividadesWebII-main/AtividadesWebII-main/atividade_03/laravel-seeds-factories/vendor/laravel/framework/src/Illuminate/Support/helpers.php(338): Illuminate\\Database\\Console\\Migrations\\MigrateCommand->Illuminate\\Database\\Console\\Migrations\\{closure}()
#23 /mnt/c/Users/Vini/Downloads/AtividadesWebII-main/AtividadesWebII-main/atividade_03/laravel-seeds-factories/vendor/laravel/framework/src/Illuminate/Database/Console/Migrations/MigrateCommand.php(165): retry()
#24 /mnt/c/Users/Vini/Downloads/AtividadesWebII-main/AtividadesWebII-main/atividade_03/laravel-seeds-factories/vendor/laravel/framework/src/Illuminate/Database/Console/Migrations/MigrateCommand.php(141): Illuminate\\Database\\Console\\Migrations\\MigrateCommand->repositoryExists()
#25 /mnt/c/Users/Vini/Downloads/AtividadesWebII-main/AtividadesWebII-main/atividade_03/laravel-seeds-factories/vendor/laravel/framework/src/Illuminate/Database/Console/Migrations/MigrateCommand.php(111): Illuminate\\Database\\Console\\Migrations\\MigrateCommand->prepareDatabase()
#26 /mnt/c/Users/Vini/Downloads/AtividadesWebII-main/AtividadesWebII-main/atividade_03/laravel-seeds-factories/vendor/laravel/framework/src/Illuminate/Database/Migrations/Migrator.php(658): Illuminate\\Database\\Console\\Migrations\\MigrateCommand->Illuminate\\Database\\Console\\Migrations\\{closure}()
#27 /mnt/c/Users/Vini/Downloads/AtividadesWebII-main/AtividadesWebII-main/atividade_03/laravel-seeds-factories/vendor/laravel/framework/src/Illuminate/Database/Console/Migrations/MigrateCommand.php(110): Illuminate\\Database\\Migrations\\Migrator->usingConnection()
#28 /mnt/c/Users/Vini/Downloads/AtividadesWebII-main/AtividadesWebII-main/atividade_03/laravel-seeds-factories/vendor/laravel/framework/src/Illuminate/Database/Console/Migrations/MigrateCommand.php(89): Illuminate\\Database\\Console\\Migrations\\MigrateCommand->runMigrations()
#29 /mnt/c/Users/Vini/Downloads/AtividadesWebII-main/AtividadesWebII-main/atividade_03/laravel-seeds-factories/vendor/laravel/framework/src/Illuminate/Container/BoundMethod.php(36): Illuminate\\Database\\Console\\Migrations\\MigrateCommand->handle()
#30 /mnt/c/Users/Vini/Downloads/AtividadesWebII-main/AtividadesWebII-main/atividade_03/laravel-seeds-factories/vendor/laravel/framework/src/Illuminate/Container/Util.php(43): Illuminate\\Container\\BoundMethod::Illuminate\\Container\\{closure}()
#31 /mnt/c/Users/Vini/Downloads/AtividadesWebII-main/AtividadesWebII-main/atividade_03/laravel-seeds-factories/vendor/laravel/framework/src/Illuminate/Container/BoundMethod.php(95): Illuminate\\Container\\Util::unwrapIfClosure()
#32 /mnt/c/Users/Vini/Downloads/AtividadesWebII-main/AtividadesWebII-main/atividade_03/laravel-seeds-factories/vendor/laravel/framework/src/Illuminate/Container/BoundMethod.php(35): Illuminate\\Container\\BoundMethod::callBoundMethod()
#33 /mnt/c/Users/Vini/Downloads/AtividadesWebII-main/AtividadesWebII-main/atividade_03/laravel-seeds-factories/vendor/laravel/framework/src/Illuminate/Container/Container.php(696): Illuminate\\Container\\BoundMethod::call()
#34 /mnt/c/Users/Vini/Downloads/AtividadesWebII-main/AtividadesWebII-main/atividade_03/laravel-seeds-factories/vendor/laravel/framework/src/Illuminate/Console/Command.php(213): Illuminate\\Container\\Container->call()
#35 /mnt/c/Users/Vini/Downloads/AtividadesWebII-main/AtividadesWebII-main/atividade_03/laravel-seeds-factories/vendor/symfony/console/Command/Command.php(279): Illuminate\\Console\\Command->execute()
#36 /mnt/c/Users/Vini/Downloads/AtividadesWebII-main/AtividadesWebII-main/atividade_03/laravel-seeds-factories/vendor/laravel/framework/src/Illuminate/Console/Command.php(182): Symfony\\Component\\Console\\Command\\Command->run()
#37 /mnt/c/Users/Vini/Downloads/AtividadesWebII-main/AtividadesWebII-main/atividade_03/laravel-seeds-factories/vendor/symfony/console/Application.php(1094): Illuminate\\Console\\Command->run()
#38 /mnt/c/Users/Vini/Downloads/AtividadesWebII-main/AtividadesWebII-main/atividade_03/laravel-seeds-factories/vendor/symfony/console/Application.php(342): Symfony\\Component\\Console\\Application->doRunCommand()
#39 /mnt/c/Users/Vini/Downloads/AtividadesWebII-main/AtividadesWebII-main/atividade_03/laravel-seeds-factories/vendor/symfony/console/Application.php(193): Symfony\\Component\\Console\\Application->doRun()
#40 /mnt/c/Users/Vini/Downloads/AtividadesWebII-main/AtividadesWebII-main/atividade_03/laravel-seeds-factories/vendor/laravel/framework/src/Illuminate/Foundation/Console/Kernel.php(198): Symfony\\Component\\Console\\Application->run()
#41 /mnt/c/Users/Vini/Downloads/AtividadesWebII-main/AtividadesWebII-main/atividade_03/laravel-seeds-factories/vendor/laravel/framework/src/Illuminate/Foundation/Application.php(1235): Illuminate\\Foundation\\Console\\Kernel->handle()
#42 /mnt/c/Users/Vini/Downloads/AtividadesWebII-main/AtividadesWebII-main/atividade_03/laravel-seeds-factories/artisan(13): Illuminate\\Foundation\\Application->handleCommand()
#43 {main}
"} 
